<?xml version="1.0" encoding="UTF-8"?>
<testsuite xmlns:xsi="http://www.w3.org/2001/XMLSchema-instance" xsi:noNamespaceSchemaLocation="https://maven.apache.org/surefire/maven-surefire-plugin/xsd/surefire-test-report-3.0.xsd" version="3.0" name="dev.michaelt95.dispatchkafkaudemy.DispatchKafkaUdemyApplicationTests" time="0.661" tests="1" errors="0" skipped="0" failures="0">
  <properties>
[...]
</properties>
  <testcase name="contextLoads" classname="dev.michaelt95.dispatchkafkaudemy.DispatchKafkaUdemyApplicationTests" time="0.007">
    <system-out><![CDATA[23:28:57.560 [main] INFO org.springframework.test.context.support.AnnotationConfigContextLoaderUtils -- Could not detect default configuration classes for test class [dev.michaelt95.dispatchkafkaudemy.DispatchKafkaUdemyApplicationTests]: DispatchKafkaUdemyApplicationTests does not declare any static, non-private, non-final, nested classes annotated with @Configuration.
23:28:57.601 [main] INFO org.springframework.boot.test.context.SpringBootTestContextBootstrapper -- Found @SpringBootConfiguration dev.michaelt95.dispatchkafkaudemy.DispatchKafkaUdemyApplication for test class dev.michaelt95.dispatchkafkaudemy.DispatchKafkaUdemyApplicationTests

  .   ____          _            __ _ _
 /\\ / ___'_ __ _ _(_)_ __  __ _ \ \ \ \
( ( )\___ | '_ | '_| | '_ \/ _` | \ \ \ \
 \\/  ___)| |_)| | | | | || (_| |  ) ) ) )
  '  |____| .__|_| |_|_| |_\__, | / / / /
 =========|_|==============|___/=/_/_/_/
 :: Spring Boot ::                (v3.2.5)

2024-04-29T23:28:57.744+02:00  INFO 2310 --- [dispatch-kafka-udemy] [           main] d.m.d.DispatchKafkaUdemyApplicationTests : Starting DispatchKafkaUdemyApplicationTests using Java 17.0.11 with PID 2310 (started by matorres in /Users/matorres/Documents/kafka-udemy/dispatch-kafka-udemy)
2024-04-29T23:28:57.744+02:00  INFO 2310 --- [dispatch-kafka-udemy] [           main] d.m.d.DispatchKafkaUdemyApplicationTests : No active profile set, falling back to 1 default profile: "default"
2024-04-29T23:28:58.096+02:00  INFO 2310 --- [dispatch-kafka-udemy] [           main] o.a.k.clients.consumer.ConsumerConfig    : ConsumerConfig values: 
	allow.auto.create.topics = true
	auto.commit.interval.ms = 5000
	auto.include.jmx.reporter = true
	auto.offset.reset = latest
	bootstrap.servers = [localhost:9092]
	check.crcs = true
	client.dns.lookup = use_all_dns_ips
	client.id = consumer-dispatch.order.created.consumer.custom-1
	client.rack = 
	connections.max.idle.ms = 540000
	default.api.timeout.ms = 60000
	enable.auto.commit = false
	exclude.internal.topics = true
	fetch.max.bytes = 52428800
	fetch.max.wait.ms = 500
	fetch.min.bytes = 1
	group.id = dispatch.order.created.consumer.custom
	group.instance.id = null
	heartbeat.interval.ms = 3000
	interceptor.classes = []
	internal.leave.group.on.close = true
	internal.throw.on.fetch.stable.offset.unsupported = false
	isolation.level = read_uncommitted
	key.deserializer = class org.apache.kafka.common.serialization.StringDeserializer
	max.partition.fetch.bytes = 1048576
	max.poll.interval.ms = 300000
	max.poll.records = 500
	metadata.max.age.ms = 300000
	metric.reporters = []
	metrics.num.samples = 2
	metrics.recording.level = INFO
	metrics.sample.window.ms = 30000
	partition.assignment.strategy = [class org.apache.kafka.clients.consumer.RangeAssignor, class org.apache.kafka.clients.consumer.CooperativeStickyAssignor]
	receive.buffer.bytes = 65536
	reconnect.backoff.max.ms = 1000
	reconnect.backoff.ms = 50
	request.timeout.ms = 30000
	retry.backoff.ms = 100
	sasl.client.callback.handler.class = null
	sasl.jaas.config = null
	sasl.kerberos.kinit.cmd = /usr/bin/kinit
	sasl.kerberos.min.time.before.relogin = 60000
	sasl.kerberos.service.name = null
	sasl.kerberos.ticket.renew.jitter = 0.05
	sasl.kerberos.ticket.renew.window.factor = 0.8
	sasl.login.callback.handler.class = null
	sasl.login.class = null
	sasl.login.connect.timeout.ms = null
	sasl.login.read.timeout.ms = null
	sasl.login.refresh.buffer.seconds = 300
	sasl.login.refresh.min.period.seconds = 60
	sasl.login.refresh.window.factor = 0.8
	sasl.login.refresh.window.jitter = 0.05
	sasl.login.retry.backoff.max.ms = 10000
	sasl.login.retry.backoff.ms = 100
	sasl.mechanism = GSSAPI
	sasl.oauthbearer.clock.skew.seconds = 30
	sasl.oauthbearer.expected.audience = null
	sasl.oauthbearer.expected.issuer = null
	sasl.oauthbearer.jwks.endpoint.refresh.ms = 3600000
	sasl.oauthbearer.jwks.endpoint.retry.backoff.max.ms = 10000
	sasl.oauthbearer.jwks.endpoint.retry.backoff.ms = 100
	sasl.oauthbearer.jwks.endpoint.url = null
	sasl.oauthbearer.scope.claim.name = scope
	sasl.oauthbearer.sub.claim.name = sub
	sasl.oauthbearer.token.endpoint.url = null
	security.protocol = PLAINTEXT
	security.providers = null
	send.buffer.bytes = 131072
	session.timeout.ms = 45000
	socket.connection.setup.timeout.max.ms = 30000
	socket.connection.setup.timeout.ms = 10000
	ssl.cipher.suites = null
	ssl.enabled.protocols = [TLSv1.2, TLSv1.3]
	ssl.endpoint.identification.algorithm = https
	ssl.engine.factory.class = null
	ssl.key.password = null
	ssl.keymanager.algorithm = SunX509
	ssl.keystore.certificate.chain = null
	ssl.keystore.key = null
	ssl.keystore.location = null
	ssl.keystore.password = null
	ssl.keystore.type = JKS
	ssl.protocol = TLSv1.3
	ssl.provider = null
	ssl.secure.random.implementation = null
	ssl.trustmanager.algorithm = PKIX
	ssl.truststore.certificates = null
	ssl.truststore.location = null
	ssl.truststore.password = null
	ssl.truststore.type = JKS
	value.deserializer = class org.springframework.kafka.support.serializer.ErrorHandlingDeserializer

2024-04-29T23:28:58.159+02:00  INFO 2310 --- [dispatch-kafka-udemy] [           main] o.a.kafka.common.utils.AppInfoParser     : Kafka version: 3.6.2
2024-04-29T23:28:58.159+02:00  INFO 2310 --- [dispatch-kafka-udemy] [           main] o.a.kafka.common.utils.AppInfoParser     : Kafka commitId: c4deed513057c94e
2024-04-29T23:28:58.159+02:00  INFO 2310 --- [dispatch-kafka-udemy] [           main] o.a.kafka.common.utils.AppInfoParser     : Kafka startTimeMs: 1714426138159
2024-04-29T23:28:58.160+02:00  INFO 2310 --- [dispatch-kafka-udemy] [           main] fkaConsumerFactory$ExtendedKafkaConsumer : [Consumer clientId=consumer-dispatch.order.created.consumer.custom-1, groupId=dispatch.order.created.consumer.custom] Subscribed to topic(s): order.created.custom
2024-04-29T23:28:58.166+02:00  INFO 2310 --- [dispatch-kafka-udemy] [           main] d.m.d.DispatchKafkaUdemyApplicationTests : Started DispatchKafkaUdemyApplicationTests in 0.519 seconds (process running for 1.346)
]]></system-out>
  </testcase>
</testsuite>